1578010030618	geckodriver	INFO	geckodriver 0.21.0
1578010030647	geckodriver	INFO	Listening on 127.0.0.1:34177
1578010031093	mozrunner::runner	INFO	Running command: "/usr/bin/firefox" "-marionette" "-foreground" "-no-remote" "-profile" "/tmp/rust_mozprofile.RxLq6kebLHjy"
1578010047330	addons.webextension.screenshots@mozilla.org	WARN	Loading extension 'screenshots@mozilla.org': Reading manifest: Invalid extension permission: mozillaAddons
1578010047332	addons.webextension.screenshots@mozilla.org	WARN	Loading extension 'screenshots@mozilla.org': Reading manifest: Invalid extension permission: resource://pdf.js/
1578010047333	addons.webextension.screenshots@mozilla.org	WARN	Loading extension 'screenshots@mozilla.org': Reading manifest: Invalid extension permission: about:reader*
1578010048283	Marionette	TRACE	Received observer notification profile-after-change
1578010059987	Marionette	TRACE	Received observer notification command-line-startup
1578010059987	Marionette	TRACE	Received observer notification nsPref:changed
1578010059988	Marionette	DEBUG	Init aborted (running=false, enabled=true, finalUIStartup=false)
1578010066919	Marionette	TRACE	Received observer notification toplevel-window-ready
1578010137384	Marionette	TRACE	Received observer notification sessionstore-windows-restored
1578010137415	Marionette	TRACE	Waiting until startup recorder finished recording startup scripts...
1578010140821	Marionette	TRACE	All scripts recorded.
1578010140822	Marionette	DEBUG	Setting recommended pref app.update.disabledForTesting to true
1578010140823	Marionette	DEBUG	Setting recommended pref apz.content_response_timeout to 60000
1578010140824	Marionette	DEBUG	Setting recommended pref browser.contentblocking.introCount to 99
1578010140825	Marionette	DEBUG	Setting recommended pref browser.download.panel.shown to true
1578010140826	Marionette	DEBUG	Setting recommended pref browser.newtabpage.enabled to false
1578010140827	Marionette	DEBUG	Setting recommended pref browser.pagethumbnails.capturing_disabled to true
1578010140828	Marionette	DEBUG	Setting recommended pref browser.search.update to false
1578010140829	Marionette	DEBUG	Setting recommended pref browser.tabs.disableBackgroundZombification to false
1578010140830	Marionette	DEBUG	Setting recommended pref browser.tabs.warnOnCloseOtherTabs to false
1578010140831	Marionette	DEBUG	Setting recommended pref browser.tabs.warnOnOpen to false
1578010140832	Marionette	DEBUG	Setting recommended pref browser.usedOnWindows10.introURL to 
1578010140833	Marionette	DEBUG	Setting recommended pref browser.urlbar.suggest.searches to false
1578010140834	Marionette	DEBUG	Setting recommended pref datareporting.policy.dataSubmissionPolicyAccepted to false
1578010140835	Marionette	DEBUG	Setting recommended pref dom.disable_beforeunload to true
1578010140835	Marionette	DEBUG	Setting recommended pref dom.disable_open_during_load to false
1578010140835	Marionette	DEBUG	Setting recommended pref dom.file.createInChild to true
1578010140836	Marionette	DEBUG	Setting recommended pref dom.max_chrome_script_run_time to 0
1578010140865	Marionette	DEBUG	Setting recommended pref dom.max_script_run_time to 0
1578010140866	Marionette	DEBUG	Setting recommended pref extensions.getAddons.cache.enabled to false
1578010140867	Marionette	DEBUG	Setting recommended pref extensions.webservice.discoverURL to http://%(server)s/dummy/discoveryURL
1578010140867	Marionette	DEBUG	Setting recommended pref network.http.prompt-temp-redirect to false
1578010140868	Marionette	DEBUG	Setting recommended pref network.http.speculative-parallel-limit to 0
1578010140868	Marionette	DEBUG	Setting recommended pref security.fileuri.strict_origin_policy to false
1578010140869	Marionette	DEBUG	Setting recommended pref security.notification_enable_delay to 0
1578010140870	Marionette	DEBUG	Setting recommended pref signon.autofillForms to false
1578010140871	Marionette	DEBUG	Setting recommended pref signon.rememberSignons to false
1578010140872	Marionette	DEBUG	Setting recommended pref toolkit.cosmeticAnimations.enabled to false
1578010141606	Marionette	INFO	Listening on port 36133
1578010141608	Marionette	DEBUG	Remote service is active
console.error: BroadcastService: 
  receivedBroadcastMessage: handler for
  remote-settings/monitor_changes
  threw error:
  Message: Error: Polling for changes failed: NetworkError when attempting to fetch resource..
  Stack:
    remoteSettingsFunction/remoteSettings.pollChanges@resource://services-settings/remote-settings.js:190:13

1578011206061	Marionette	TRACE	Received observer notification xpcom-will-shutdown
1578011206083	Marionette	DEBUG	Resetting recommended pref app.update.disabledForTesting
1578011206084	Marionette	DEBUG	Resetting recommended pref apz.content_response_timeout
1578011206085	Marionette	DEBUG	Resetting recommended pref browser.contentblocking.introCount
1578011206085	Marionette	DEBUG	Resetting recommended pref browser.download.panel.shown
1578011206086	Marionette	DEBUG	Resetting recommended pref browser.newtabpage.enabled
1578011206087	Marionette	DEBUG	Resetting recommended pref browser.pagethumbnails.capturing_disabled
1578011206088	Marionette	DEBUG	Resetting recommended pref browser.search.update
1578011206088	Marionette	DEBUG	Resetting recommended pref browser.tabs.disableBackgroundZombification
1578011206089	Marionette	DEBUG	Resetting recommended pref browser.tabs.warnOnCloseOtherTabs
1578011206091	Marionette	DEBUG	Resetting recommended pref browser.tabs.warnOnOpen
1578011206091	Marionette	DEBUG	Resetting recommended pref browser.usedOnWindows10.introURL
1578011206112	Marionette	DEBUG	Resetting recommended pref browser.urlbar.suggest.searches
1578011206114	Marionette	DEBUG	Resetting recommended pref datareporting.policy.dataSubmissionPolicyAccepted
1578011206114	Marionette	DEBUG	Resetting recommended pref dom.disable_beforeunload
1578011206115	Marionette	DEBUG	Resetting recommended pref dom.disable_open_during_load
1578011206115	Marionette	DEBUG	Resetting recommended pref dom.file.createInChild
1578011206115	Marionette	DEBUG	Resetting recommended pref dom.max_chrome_script_run_time
1578011206116	Marionette	DEBUG	Resetting recommended pref dom.max_script_run_time
1578011206117	Marionette	DEBUG	Resetting recommended pref extensions.getAddons.cache.enabled
1578011206118	Marionette	DEBUG	Resetting recommended pref extensions.webservice.discoverURL
1578011206118	Marionette	DEBUG	Resetting recommended pref network.http.prompt-temp-redirect
1578011206119	Marionette	DEBUG	Resetting recommended pref network.http.speculative-parallel-limit
1578011206131	Marionette	DEBUG	Resetting recommended pref security.fileuri.strict_origin_policy
1578011206132	Marionette	DEBUG	Resetting recommended pref security.notification_enable_delay
1578011206133	Marionette	DEBUG	Resetting recommended pref signon.autofillForms
1578011206133	Marionette	DEBUG	Resetting recommended pref signon.rememberSignons
1578011206134	Marionette	DEBUG	Resetting recommended pref toolkit.cosmeticAnimations.enabled
1578011206136	Marionette	INFO	Stopped listening on port 36133
1578011206136	Marionette	DEBUG	Remote service is inactive
